2021-11-29 14:19:20.337  WARN 3736 --- [restartedMain] ConfigServletWebServerApplicationContext : Exception encountered during context initialization - cancelling refresh attempt: org.springframework.beans.factory.BeanCreationException: Error creating bean with name 'requestMappingHandlerMapping' defined in class path resource [org/springframework/boot/autoconfigure/web/servlet/WebMvcAutoConfiguration$EnableWebMvcConfiguration.class]: Invocation of init method failed; nested exception is java.lang.IllegalStateException: Ambiguous mapping. Cannot map 'bookController' method 
com.switchfully.digibooky.api.BookController#getAllBooks()
to {GET [/books], produces [application/json]}: There is already 'bookController' bean method
com.switchfully.digibooky.api.BookController#getBookByTitle(String) mapped.
2021-11-29 14:19:20.383 ERROR 3736 --- [restartedMain] o.s.boot.SpringApplication               : Application run failed

org.springframework.beans.factory.BeanCreationException: Error creating bean with name 'requestMappingHandlerMapping' defined in class path resource [org/springframework/boot/autoconfigure/web/servlet/WebMvcAutoConfiguration$EnableWebMvcConfiguration.class]: Invocation of init method failed; nested exception is java.lang.IllegalStateException: Ambiguous mapping. Cannot map 'bookController' method 
com.switchfully.digibooky.api.BookController#getAllBooks()
to {GET [/books], produces [application/json]}: There is already 'bookController' bean method
com.switchfully.digibooky.api.BookController#getBookByTitle(String) mapped.
	at org.springframework.beans.factory.support.AbstractAutowireCapableBeanFactory.initializeBean(AbstractAutowireCapableBeanFactory.java:1804) ~[spring-beans-5.3.13.jar:5.3.13]
	at org.springframework.beans.factory.support.AbstractAutowireCapableBeanFactory.doCreateBean(AbstractAutowireCapableBeanFactory.java:620) ~[spring-beans-5.3.13.jar:5.3.13]
	at org.springframework.beans.factory.support.AbstractAutowireCapableBeanFactory.createBean(AbstractAutowireCapableBeanFactory.java:542) ~[spring-beans-5.3.13.jar:5.3.13]
	at org.springframework.beans.factory.support.AbstractBeanFactory.lambda$doGetBean$0(AbstractBeanFactory.java:335) ~[spring-beans-5.3.13.jar:5.3.13]
	at org.springframework.beans.factory.support.DefaultSingletonBeanRegistry.getSingleton(DefaultSingletonBeanRegistry.java:234) ~[spring-beans-5.3.13.jar:5.3.13]
	at org.springframework.beans.factory.support.AbstractBeanFactory.doGetBean(AbstractBeanFactory.java:333) ~[spring-beans-5.3.13.jar:5.3.13]
	at org.springframework.beans.factory.support.AbstractBeanFactory.getBean(AbstractBeanFactory.java:208) ~[spring-beans-5.3.13.jar:5.3.13]
	at org.springframework.beans.factory.support.DefaultListableBeanFactory.preInstantiateSingletons(DefaultListableBeanFactory.java:944) ~[spring-beans-5.3.13.jar:5.3.13]
	at org.springframework.context.support.AbstractApplicationContext.finishBeanFactoryInitialization(AbstractApplicationContext.java:918) ~[spring-context-5.3.13.jar:5.3.13]
	at org.springframework.context.support.AbstractApplicationContext.refresh(AbstractApplicationContext.java:583) ~[spring-context-5.3.13.jar:5.3.13]
	at org.springframework.boot.web.servlet.context.ServletWebServerApplicationContext.refresh(ServletWebServerApplicationContext.java:145) ~[spring-boot-2.6.1-20211129.094430-21.jar:2.6.1-SNAPSHOT]
	at org.springframework.boot.SpringApplication.refresh(SpringApplication.java:730) ~[spring-boot-2.6.1-20211129.094430-21.jar:2.6.1-SNAPSHOT]
	at org.springframework.boot.SpringApplication.refreshContext(SpringApplication.java:412) ~[spring-boot-2.6.1-20211129.094430-21.jar:2.6.1-SNAPSHOT]
	at org.springframework.boot.SpringApplication.run(SpringApplication.java:302) ~[spring-boot-2.6.1-20211129.094430-21.jar:2.6.1-SNAPSHOT]
	at org.springframework.boot.SpringApplication.run(SpringApplication.java:1301) ~[spring-boot-2.6.1-20211129.094430-21.jar:2.6.1-SNAPSHOT]
	at org.springframework.boot.SpringApplication.run(SpringApplication.java:1290) ~[spring-boot-2.6.1-20211129.094430-21.jar:2.6.1-SNAPSHOT]
	at com.switchfully.digibooky.DigibookyApplication.main(DigibookyApplication.java:10) ~[classes/:na]
	at java.base/jdk.internal.reflect.NativeMethodAccessorImpl.invoke0(Native Method) ~[na:na]
	at java.base/jdk.internal.reflect.NativeMethodAccessorImpl.invoke(NativeMethodAccessorImpl.java:77) ~[na:na]
	at java.base/jdk.internal.reflect.DelegatingMethodAccessorImpl.invoke(DelegatingMethodAccessorImpl.java:43) ~[na:na]
	at java.base/java.lang.reflect.Method.invoke(Method.java:568) ~[na:na]
	at org.springframework.boot.devtools.restart.RestartLauncher.run(RestartLauncher.java:49) ~[spring-boot-devtools-2.6.1-20211129.094430-21.jar:2.6.1-SNAPSHOT]
Caused by: java.lang.IllegalStateException: Ambiguous mapping. Cannot map 'bookController' method 
com.switchfully.digibooky.api.BookController#getAllBooks()
to {GET [/books], produces [application/json]}: There is already 'bookController' bean method
com.switchfully.digibooky.api.BookController#getBookByTitle(String) mapped.
	at org.springframework.web.servlet.handler.AbstractHandlerMethodMapping$MappingRegistry.validateMethodMapping(AbstractHandlerMethodMapping.java:669) ~[spring-webmvc-5.3.13.jar:5.3.13]
	at org.springframework.web.servlet.handler.AbstractHandlerMethodMapping$MappingRegistry.register(AbstractHandlerMethodMapping.java:635) ~[spring-webmvc-5.3.13.jar:5.3.13]
	at org.springframework.web.servlet.handler.AbstractHandlerMethodMapping.registerHandlerMethod(AbstractHandlerMethodMapping.java:332) ~[spring-webmvc-5.3.13.jar:5.3.13]
	at org.springframework.web.servlet.mvc.method.annotation.RequestMappingHandlerMapping.registerHandlerMethod(RequestMappingHandlerMapping.java:395) ~[spring-webmvc-5.3.13.jar:5.3.13]
	at org.springframework.web.servlet.mvc.method.annotation.RequestMappingHandlerMapping.registerHandlerMethod(RequestMappingHandlerMapping.java:76) ~[spring-webmvc-5.3.13.jar:5.3.13]
	at org.springframework.web.servlet.handler.AbstractHandlerMethodMapping.lambda$detectHandlerMethods$2(AbstractHandlerMethodMapping.java:299) ~[spring-webmvc-5.3.13.jar:5.3.13]
	at java.base/java.util.LinkedHashMap.forEach(LinkedHashMap.java:721) ~[na:na]
	at org.springframework.web.servlet.handler.AbstractHandlerMethodMapping.detectHandlerMethods(AbstractHandlerMethodMapping.java:297) ~[spring-webmvc-5.3.13.jar:5.3.13]
	at org.springframework.web.servlet.handler.AbstractHandlerMethodMapping.processCandidateBean(AbstractHandlerMethodMapping.java:266) ~[spring-webmvc-5.3.13.jar:5.3.13]
	at org.springframework.web.servlet.handler.AbstractHandlerMethodMapping.initHandlerMethods(AbstractHandlerMethodMapping.java:225) ~[spring-webmvc-5.3.13.jar:5.3.13]
	at org.springframework.web.servlet.handler.AbstractHandlerMethodMapping.afterPropertiesSet(AbstractHandlerMethodMapping.java:213) ~[spring-webmvc-5.3.13.jar:5.3.13]
	at org.springframework.web.servlet.mvc.method.annotation.RequestMappingHandlerMapping.afterPropertiesSet(RequestMappingHandlerMapping.java:206) ~[spring-webmvc-5.3.13.jar:5.3.13]
	at org.springframework.beans.factory.support.AbstractAutowireCapableBeanFactory.invokeInitMethods(AbstractAutowireCapableBeanFactory.java:1863) ~[spring-beans-5.3.13.jar:5.3.13]
	at org.springframework.beans.factory.support.AbstractAutowireCapableBeanFactory.initializeBean(AbstractAutowireCapableBeanFactory.java:1800) ~[spring-beans-5.3.13.jar:5.3.13]
	... 21 common frames omitted

2021-11-29 14:23:35.377  WARN 15912 --- [restartedMain] ConfigServletWebServerApplicationContext : Exception encountered during context initialization - cancelling refresh attempt: org.springframework.beans.factory.BeanCreationException: Error creating bean with name 'requestMappingHandlerMapping' defined in class path resource [org/springframework/boot/autoconfigure/web/servlet/WebMvcAutoConfiguration$EnableWebMvcConfiguration.class]: Invocation of init method failed; nested exception is java.lang.IllegalStateException: Ambiguous mapping. Cannot map 'bookController' method 
com.switchfully.digibooky.api.BookController#getAllBooks()
to {GET [/books], produces [application/json]}: There is already 'bookController' bean method
com.switchfully.digibooky.api.BookController#getBookByTitle(String) mapped.
2021-11-29 14:23:35.418 ERROR 15912 --- [restartedMain] o.s.boot.SpringApplication               : Application run failed

org.springframework.beans.factory.BeanCreationException: Error creating bean with name 'requestMappingHandlerMapping' defined in class path resource [org/springframework/boot/autoconfigure/web/servlet/WebMvcAutoConfiguration$EnableWebMvcConfiguration.class]: Invocation of init method failed; nested exception is java.lang.IllegalStateException: Ambiguous mapping. Cannot map 'bookController' method 
com.switchfully.digibooky.api.BookController#getAllBooks()
to {GET [/books], produces [application/json]}: There is already 'bookController' bean method
com.switchfully.digibooky.api.BookController#getBookByTitle(String) mapped.
	at org.springframework.beans.factory.support.AbstractAutowireCapableBeanFactory.initializeBean(AbstractAutowireCapableBeanFactory.java:1804) ~[spring-beans-5.3.13.jar:5.3.13]
	at org.springframework.beans.factory.support.AbstractAutowireCapableBeanFactory.doCreateBean(AbstractAutowireCapableBeanFactory.java:620) ~[spring-beans-5.3.13.jar:5.3.13]
	at org.springframework.beans.factory.support.AbstractAutowireCapableBeanFactory.createBean(AbstractAutowireCapableBeanFactory.java:542) ~[spring-beans-5.3.13.jar:5.3.13]
	at org.springframework.beans.factory.support.AbstractBeanFactory.lambda$doGetBean$0(AbstractBeanFactory.java:335) ~[spring-beans-5.3.13.jar:5.3.13]
	at org.springframework.beans.factory.support.DefaultSingletonBeanRegistry.getSingleton(DefaultSingletonBeanRegistry.java:234) ~[spring-beans-5.3.13.jar:5.3.13]
	at org.springframework.beans.factory.support.AbstractBeanFactory.doGetBean(AbstractBeanFactory.java:333) ~[spring-beans-5.3.13.jar:5.3.13]
	at org.springframework.beans.factory.support.AbstractBeanFactory.getBean(AbstractBeanFactory.java:208) ~[spring-beans-5.3.13.jar:5.3.13]
	at org.springframework.beans.factory.support.DefaultListableBeanFactory.preInstantiateSingletons(DefaultListableBeanFactory.java:944) ~[spring-beans-5.3.13.jar:5.3.13]
	at org.springframework.context.support.AbstractApplicationContext.finishBeanFactoryInitialization(AbstractApplicationContext.java:918) ~[spring-context-5.3.13.jar:5.3.13]
	at org.springframework.context.support.AbstractApplicationContext.refresh(AbstractApplicationContext.java:583) ~[spring-context-5.3.13.jar:5.3.13]
	at org.springframework.boot.web.servlet.context.ServletWebServerApplicationContext.refresh(ServletWebServerApplicationContext.java:145) ~[spring-boot-2.6.1-20211129.094430-21.jar:2.6.1-SNAPSHOT]
	at org.springframework.boot.SpringApplication.refresh(SpringApplication.java:730) ~[spring-boot-2.6.1-20211129.094430-21.jar:2.6.1-SNAPSHOT]
	at org.springframework.boot.SpringApplication.refreshContext(SpringApplication.java:412) ~[spring-boot-2.6.1-20211129.094430-21.jar:2.6.1-SNAPSHOT]
	at org.springframework.boot.SpringApplication.run(SpringApplication.java:302) ~[spring-boot-2.6.1-20211129.094430-21.jar:2.6.1-SNAPSHOT]
	at org.springframework.boot.SpringApplication.run(SpringApplication.java:1301) ~[spring-boot-2.6.1-20211129.094430-21.jar:2.6.1-SNAPSHOT]
	at org.springframework.boot.SpringApplication.run(SpringApplication.java:1290) ~[spring-boot-2.6.1-20211129.094430-21.jar:2.6.1-SNAPSHOT]
	at com.switchfully.digibooky.DigibookyApplication.main(DigibookyApplication.java:10) ~[classes/:na]
	at java.base/jdk.internal.reflect.NativeMethodAccessorImpl.invoke0(Native Method) ~[na:na]
	at java.base/jdk.internal.reflect.NativeMethodAccessorImpl.invoke(NativeMethodAccessorImpl.java:77) ~[na:na]
	at java.base/jdk.internal.reflect.DelegatingMethodAccessorImpl.invoke(DelegatingMethodAccessorImpl.java:43) ~[na:na]
	at java.base/java.lang.reflect.Method.invoke(Method.java:568) ~[na:na]
	at org.springframework.boot.devtools.restart.RestartLauncher.run(RestartLauncher.java:49) ~[spring-boot-devtools-2.6.1-20211129.094430-21.jar:2.6.1-SNAPSHOT]
Caused by: java.lang.IllegalStateException: Ambiguous mapping. Cannot map 'bookController' method 
com.switchfully.digibooky.api.BookController#getAllBooks()
to {GET [/books], produces [application/json]}: There is already 'bookController' bean method
com.switchfully.digibooky.api.BookController#getBookByTitle(String) mapped.
	at org.springframework.web.servlet.handler.AbstractHandlerMethodMapping$MappingRegistry.validateMethodMapping(AbstractHandlerMethodMapping.java:669) ~[spring-webmvc-5.3.13.jar:5.3.13]
	at org.springframework.web.servlet.handler.AbstractHandlerMethodMapping$MappingRegistry.register(AbstractHandlerMethodMapping.java:635) ~[spring-webmvc-5.3.13.jar:5.3.13]
	at org.springframework.web.servlet.handler.AbstractHandlerMethodMapping.registerHandlerMethod(AbstractHandlerMethodMapping.java:332) ~[spring-webmvc-5.3.13.jar:5.3.13]
	at org.springframework.web.servlet.mvc.method.annotation.RequestMappingHandlerMapping.registerHandlerMethod(RequestMappingHandlerMapping.java:395) ~[spring-webmvc-5.3.13.jar:5.3.13]
	at org.springframework.web.servlet.mvc.method.annotation.RequestMappingHandlerMapping.registerHandlerMethod(RequestMappingHandlerMapping.java:76) ~[spring-webmvc-5.3.13.jar:5.3.13]
	at org.springframework.web.servlet.handler.AbstractHandlerMethodMapping.lambda$detectHandlerMethods$2(AbstractHandlerMethodMapping.java:299) ~[spring-webmvc-5.3.13.jar:5.3.13]
	at java.base/java.util.LinkedHashMap.forEach(LinkedHashMap.java:721) ~[na:na]
	at org.springframework.web.servlet.handler.AbstractHandlerMethodMapping.detectHandlerMethods(AbstractHandlerMethodMapping.java:297) ~[spring-webmvc-5.3.13.jar:5.3.13]
	at org.springframework.web.servlet.handler.AbstractHandlerMethodMapping.processCandidateBean(AbstractHandlerMethodMapping.java:266) ~[spring-webmvc-5.3.13.jar:5.3.13]
	at org.springframework.web.servlet.handler.AbstractHandlerMethodMapping.initHandlerMethods(AbstractHandlerMethodMapping.java:225) ~[spring-webmvc-5.3.13.jar:5.3.13]
	at org.springframework.web.servlet.handler.AbstractHandlerMethodMapping.afterPropertiesSet(AbstractHandlerMethodMapping.java:213) ~[spring-webmvc-5.3.13.jar:5.3.13]
	at org.springframework.web.servlet.mvc.method.annotation.RequestMappingHandlerMapping.afterPropertiesSet(RequestMappingHandlerMapping.java:206) ~[spring-webmvc-5.3.13.jar:5.3.13]
	at org.springframework.beans.factory.support.AbstractAutowireCapableBeanFactory.invokeInitMethods(AbstractAutowireCapableBeanFactory.java:1863) ~[spring-beans-5.3.13.jar:5.3.13]
	at org.springframework.beans.factory.support.AbstractAutowireCapableBeanFactory.initializeBean(AbstractAutowireCapableBeanFactory.java:1800) ~[spring-beans-5.3.13.jar:5.3.13]
	... 21 common frames omitted

2021-11-29 14:30:15.259  WARN 12500 --- [restartedMain] ConfigServletWebServerApplicationContext : Exception encountered during context initialization - cancelling refresh attempt: org.springframework.beans.factory.BeanCreationException: Error creating bean with name 'requestMappingHandlerMapping' defined in class path resource [org/springframework/boot/autoconfigure/web/servlet/WebMvcAutoConfiguration$EnableWebMvcConfiguration.class]: Invocation of init method failed; nested exception is java.lang.IllegalStateException: Ambiguous mapping. Cannot map 'bookController' method 
com.switchfully.digibooky.api.BookController#getBookByTitle(String)
to {GET [/books], produces [application/json]}: There is already 'bookController' bean method
com.switchfully.digibooky.api.BookController#getAllBooks() mapped.
2021-11-29 14:30:15.301 ERROR 12500 --- [restartedMain] o.s.boot.SpringApplication               : Application run failed

org.springframework.beans.factory.BeanCreationException: Error creating bean with name 'requestMappingHandlerMapping' defined in class path resource [org/springframework/boot/autoconfigure/web/servlet/WebMvcAutoConfiguration$EnableWebMvcConfiguration.class]: Invocation of init method failed; nested exception is java.lang.IllegalStateException: Ambiguous mapping. Cannot map 'bookController' method 
com.switchfully.digibooky.api.BookController#getBookByTitle(String)
to {GET [/books], produces [application/json]}: There is already 'bookController' bean method
com.switchfully.digibooky.api.BookController#getAllBooks() mapped.
	at org.springframework.beans.factory.support.AbstractAutowireCapableBeanFactory.initializeBean(AbstractAutowireCapableBeanFactory.java:1804) ~[spring-beans-5.3.13.jar:5.3.13]
	at org.springframework.beans.factory.support.AbstractAutowireCapableBeanFactory.doCreateBean(AbstractAutowireCapableBeanFactory.java:620) ~[spring-beans-5.3.13.jar:5.3.13]
	at org.springframework.beans.factory.support.AbstractAutowireCapableBeanFactory.createBean(AbstractAutowireCapableBeanFactory.java:542) ~[spring-beans-5.3.13.jar:5.3.13]
	at org.springframework.beans.factory.support.AbstractBeanFactory.lambda$doGetBean$0(AbstractBeanFactory.java:335) ~[spring-beans-5.3.13.jar:5.3.13]
	at org.springframework.beans.factory.support.DefaultSingletonBeanRegistry.getSingleton(DefaultSingletonBeanRegistry.java:234) ~[spring-beans-5.3.13.jar:5.3.13]
	at org.springframework.beans.factory.support.AbstractBeanFactory.doGetBean(AbstractBeanFactory.java:333) ~[spring-beans-5.3.13.jar:5.3.13]
	at org.springframework.beans.factory.support.AbstractBeanFactory.getBean(AbstractBeanFactory.java:208) ~[spring-beans-5.3.13.jar:5.3.13]
	at org.springframework.beans.factory.support.DefaultListableBeanFactory.preInstantiateSingletons(DefaultListableBeanFactory.java:944) ~[spring-beans-5.3.13.jar:5.3.13]
	at org.springframework.context.support.AbstractApplicationContext.finishBeanFactoryInitialization(AbstractApplicationContext.java:918) ~[spring-context-5.3.13.jar:5.3.13]
	at org.springframework.context.support.AbstractApplicationContext.refresh(AbstractApplicationContext.java:583) ~[spring-context-5.3.13.jar:5.3.13]
	at org.springframework.boot.web.servlet.context.ServletWebServerApplicationContext.refresh(ServletWebServerApplicationContext.java:145) ~[spring-boot-2.6.1-20211129.094430-21.jar:2.6.1-SNAPSHOT]
	at org.springframework.boot.SpringApplication.refresh(SpringApplication.java:730) ~[spring-boot-2.6.1-20211129.094430-21.jar:2.6.1-SNAPSHOT]
	at org.springframework.boot.SpringApplication.refreshContext(SpringApplication.java:412) ~[spring-boot-2.6.1-20211129.094430-21.jar:2.6.1-SNAPSHOT]
	at org.springframework.boot.SpringApplication.run(SpringApplication.java:302) ~[spring-boot-2.6.1-20211129.094430-21.jar:2.6.1-SNAPSHOT]
	at org.springframework.boot.SpringApplication.run(SpringApplication.java:1301) ~[spring-boot-2.6.1-20211129.094430-21.jar:2.6.1-SNAPSHOT]
	at org.springframework.boot.SpringApplication.run(SpringApplication.java:1290) ~[spring-boot-2.6.1-20211129.094430-21.jar:2.6.1-SNAPSHOT]
	at com.switchfully.digibooky.DigibookyApplication.main(DigibookyApplication.java:10) ~[classes/:na]
	at java.base/jdk.internal.reflect.NativeMethodAccessorImpl.invoke0(Native Method) ~[na:na]
	at java.base/jdk.internal.reflect.NativeMethodAccessorImpl.invoke(NativeMethodAccessorImpl.java:77) ~[na:na]
	at java.base/jdk.internal.reflect.DelegatingMethodAccessorImpl.invoke(DelegatingMethodAccessorImpl.java:43) ~[na:na]
	at java.base/java.lang.reflect.Method.invoke(Method.java:568) ~[na:na]
	at org.springframework.boot.devtools.restart.RestartLauncher.run(RestartLauncher.java:49) ~[spring-boot-devtools-2.6.1-20211129.094430-21.jar:2.6.1-SNAPSHOT]
Caused by: java.lang.IllegalStateException: Ambiguous mapping. Cannot map 'bookController' method 
com.switchfully.digibooky.api.BookController#getBookByTitle(String)
to {GET [/books], produces [application/json]}: There is already 'bookController' bean method
com.switchfully.digibooky.api.BookController#getAllBooks() mapped.
	at org.springframework.web.servlet.handler.AbstractHandlerMethodMapping$MappingRegistry.validateMethodMapping(AbstractHandlerMethodMapping.java:669) ~[spring-webmvc-5.3.13.jar:5.3.13]
	at org.springframework.web.servlet.handler.AbstractHandlerMethodMapping$MappingRegistry.register(AbstractHandlerMethodMapping.java:635) ~[spring-webmvc-5.3.13.jar:5.3.13]
	at org.springframework.web.servlet.handler.AbstractHandlerMethodMapping.registerHandlerMethod(AbstractHandlerMethodMapping.java:332) ~[spring-webmvc-5.3.13.jar:5.3.13]
	at org.springframework.web.servlet.mvc.method.annotation.RequestMappingHandlerMapping.registerHandlerMethod(RequestMappingHandlerMapping.java:395) ~[spring-webmvc-5.3.13.jar:5.3.13]
	at org.springframework.web.servlet.mvc.method.annotation.RequestMappingHandlerMapping.registerHandlerMethod(RequestMappingHandlerMapping.java:76) ~[spring-webmvc-5.3.13.jar:5.3.13]
	at org.springframework.web.servlet.handler.AbstractHandlerMethodMapping.lambda$detectHandlerMethods$2(AbstractHandlerMethodMapping.java:299) ~[spring-webmvc-5.3.13.jar:5.3.13]
	at java.base/java.util.LinkedHashMap.forEach(LinkedHashMap.java:721) ~[na:na]
	at org.springframework.web.servlet.handler.AbstractHandlerMethodMapping.detectHandlerMethods(AbstractHandlerMethodMapping.java:297) ~[spring-webmvc-5.3.13.jar:5.3.13]
	at org.springframework.web.servlet.handler.AbstractHandlerMethodMapping.processCandidateBean(AbstractHandlerMethodMapping.java:266) ~[spring-webmvc-5.3.13.jar:5.3.13]
	at org.springframework.web.servlet.handler.AbstractHandlerMethodMapping.initHandlerMethods(AbstractHandlerMethodMapping.java:225) ~[spring-webmvc-5.3.13.jar:5.3.13]
	at org.springframework.web.servlet.handler.AbstractHandlerMethodMapping.afterPropertiesSet(AbstractHandlerMethodMapping.java:213) ~[spring-webmvc-5.3.13.jar:5.3.13]
	at org.springframework.web.servlet.mvc.method.annotation.RequestMappingHandlerMapping.afterPropertiesSet(RequestMappingHandlerMapping.java:206) ~[spring-webmvc-5.3.13.jar:5.3.13]
	at org.springframework.beans.factory.support.AbstractAutowireCapableBeanFactory.invokeInitMethods(AbstractAutowireCapableBeanFactory.java:1863) ~[spring-beans-5.3.13.jar:5.3.13]
	at org.springframework.beans.factory.support.AbstractAutowireCapableBeanFactory.initializeBean(AbstractAutowireCapableBeanFactory.java:1800) ~[spring-beans-5.3.13.jar:5.3.13]
	... 21 common frames omitted

2021-11-29 14:37:58.245  WARN 16460 --- [restartedMain] ConfigServletWebServerApplicationContext : Exception encountered during context initialization - cancelling refresh attempt: org.springframework.beans.factory.BeanCreationException: Error creating bean with name 'requestMappingHandlerMapping' defined in class path resource [org/springframework/boot/autoconfigure/web/servlet/WebMvcAutoConfiguration$EnableWebMvcConfiguration.class]: Invocation of init method failed; nested exception is java.lang.IllegalStateException: Ambiguous mapping. Cannot map 'bookController' method 
com.switchfully.digibooky.api.BookController#getAllBooks()
to {GET [/books], produces [application/json]}: There is already 'bookController' bean method
com.switchfully.digibooky.api.BookController#getBookByTitle(String) mapped.
2021-11-29 14:37:58.285 ERROR 16460 --- [restartedMain] o.s.boot.SpringApplication               : Application run failed

org.springframework.beans.factory.BeanCreationException: Error creating bean with name 'requestMappingHandlerMapping' defined in class path resource [org/springframework/boot/autoconfigure/web/servlet/WebMvcAutoConfiguration$EnableWebMvcConfiguration.class]: Invocation of init method failed; nested exception is java.lang.IllegalStateException: Ambiguous mapping. Cannot map 'bookController' method 
com.switchfully.digibooky.api.BookController#getAllBooks()
to {GET [/books], produces [application/json]}: There is already 'bookController' bean method
com.switchfully.digibooky.api.BookController#getBookByTitle(String) mapped.
	at org.springframework.beans.factory.support.AbstractAutowireCapableBeanFactory.initializeBean(AbstractAutowireCapableBeanFactory.java:1804) ~[spring-beans-5.3.13.jar:5.3.13]
	at org.springframework.beans.factory.support.AbstractAutowireCapableBeanFactory.doCreateBean(AbstractAutowireCapableBeanFactory.java:620) ~[spring-beans-5.3.13.jar:5.3.13]
	at org.springframework.beans.factory.support.AbstractAutowireCapableBeanFactory.createBean(AbstractAutowireCapableBeanFactory.java:542) ~[spring-beans-5.3.13.jar:5.3.13]
	at org.springframework.beans.factory.support.AbstractBeanFactory.lambda$doGetBean$0(AbstractBeanFactory.java:335) ~[spring-beans-5.3.13.jar:5.3.13]
	at org.springframework.beans.factory.support.DefaultSingletonBeanRegistry.getSingleton(DefaultSingletonBeanRegistry.java:234) ~[spring-beans-5.3.13.jar:5.3.13]
	at org.springframework.beans.factory.support.AbstractBeanFactory.doGetBean(AbstractBeanFactory.java:333) ~[spring-beans-5.3.13.jar:5.3.13]
	at org.springframework.beans.factory.support.AbstractBeanFactory.getBean(AbstractBeanFactory.java:208) ~[spring-beans-5.3.13.jar:5.3.13]
	at org.springframework.beans.factory.support.DefaultListableBeanFactory.preInstantiateSingletons(DefaultListableBeanFactory.java:944) ~[spring-beans-5.3.13.jar:5.3.13]
	at org.springframework.context.support.AbstractApplicationContext.finishBeanFactoryInitialization(AbstractApplicationContext.java:918) ~[spring-context-5.3.13.jar:5.3.13]
	at org.springframework.context.support.AbstractApplicationContext.refresh(AbstractApplicationContext.java:583) ~[spring-context-5.3.13.jar:5.3.13]
	at org.springframework.boot.web.servlet.context.ServletWebServerApplicationContext.refresh(ServletWebServerApplicationContext.java:145) ~[spring-boot-2.6.1-20211129.094430-21.jar:2.6.1-SNAPSHOT]
	at org.springframework.boot.SpringApplication.refresh(SpringApplication.java:730) ~[spring-boot-2.6.1-20211129.094430-21.jar:2.6.1-SNAPSHOT]
	at org.springframework.boot.SpringApplication.refreshContext(SpringApplication.java:412) ~[spring-boot-2.6.1-20211129.094430-21.jar:2.6.1-SNAPSHOT]
	at org.springframework.boot.SpringApplication.run(SpringApplication.java:302) ~[spring-boot-2.6.1-20211129.094430-21.jar:2.6.1-SNAPSHOT]
	at org.springframework.boot.SpringApplication.run(SpringApplication.java:1301) ~[spring-boot-2.6.1-20211129.094430-21.jar:2.6.1-SNAPSHOT]
	at org.springframework.boot.SpringApplication.run(SpringApplication.java:1290) ~[spring-boot-2.6.1-20211129.094430-21.jar:2.6.1-SNAPSHOT]
	at com.switchfully.digibooky.DigibookyApplication.main(DigibookyApplication.java:10) ~[classes/:na]
	at java.base/jdk.internal.reflect.NativeMethodAccessorImpl.invoke0(Native Method) ~[na:na]
	at java.base/jdk.internal.reflect.NativeMethodAccessorImpl.invoke(NativeMethodAccessorImpl.java:77) ~[na:na]
	at java.base/jdk.internal.reflect.DelegatingMethodAccessorImpl.invoke(DelegatingMethodAccessorImpl.java:43) ~[na:na]
	at java.base/java.lang.reflect.Method.invoke(Method.java:568) ~[na:na]
	at org.springframework.boot.devtools.restart.RestartLauncher.run(RestartLauncher.java:49) ~[spring-boot-devtools-2.6.1-20211129.094430-21.jar:2.6.1-SNAPSHOT]
Caused by: java.lang.IllegalStateException: Ambiguous mapping. Cannot map 'bookController' method 
com.switchfully.digibooky.api.BookController#getAllBooks()
to {GET [/books], produces [application/json]}: There is already 'bookController' bean method
com.switchfully.digibooky.api.BookController#getBookByTitle(String) mapped.
	at org.springframework.web.servlet.handler.AbstractHandlerMethodMapping$MappingRegistry.validateMethodMapping(AbstractHandlerMethodMapping.java:669) ~[spring-webmvc-5.3.13.jar:5.3.13]
	at org.springframework.web.servlet.handler.AbstractHandlerMethodMapping$MappingRegistry.register(AbstractHandlerMethodMapping.java:635) ~[spring-webmvc-5.3.13.jar:5.3.13]
	at org.springframework.web.servlet.handler.AbstractHandlerMethodMapping.registerHandlerMethod(AbstractHandlerMethodMapping.java:332) ~[spring-webmvc-5.3.13.jar:5.3.13]
	at org.springframework.web.servlet.mvc.method.annotation.RequestMappingHandlerMapping.registerHandlerMethod(RequestMappingHandlerMapping.java:395) ~[spring-webmvc-5.3.13.jar:5.3.13]
	at org.springframework.web.servlet.mvc.method.annotation.RequestMappingHandlerMapping.registerHandlerMethod(RequestMappingHandlerMapping.java:76) ~[spring-webmvc-5.3.13.jar:5.3.13]
	at org.springframework.web.servlet.handler.AbstractHandlerMethodMapping.lambda$detectHandlerMethods$2(AbstractHandlerMethodMapping.java:299) ~[spring-webmvc-5.3.13.jar:5.3.13]
	at java.base/java.util.LinkedHashMap.forEach(LinkedHashMap.java:721) ~[na:na]
	at org.springframework.web.servlet.handler.AbstractHandlerMethodMapping.detectHandlerMethods(AbstractHandlerMethodMapping.java:297) ~[spring-webmvc-5.3.13.jar:5.3.13]
	at org.springframework.web.servlet.handler.AbstractHandlerMethodMapping.processCandidateBean(AbstractHandlerMethodMapping.java:266) ~[spring-webmvc-5.3.13.jar:5.3.13]
	at org.springframework.web.servlet.handler.AbstractHandlerMethodMapping.initHandlerMethods(AbstractHandlerMethodMapping.java:225) ~[spring-webmvc-5.3.13.jar:5.3.13]
	at org.springframework.web.servlet.handler.AbstractHandlerMethodMapping.afterPropertiesSet(AbstractHandlerMethodMapping.java:213) ~[spring-webmvc-5.3.13.jar:5.3.13]
	at org.springframework.web.servlet.mvc.method.annotation.RequestMappingHandlerMapping.afterPropertiesSet(RequestMappingHandlerMapping.java:206) ~[spring-webmvc-5.3.13.jar:5.3.13]
	at org.springframework.beans.factory.support.AbstractAutowireCapableBeanFactory.invokeInitMethods(AbstractAutowireCapableBeanFactory.java:1863) ~[spring-beans-5.3.13.jar:5.3.13]
	at org.springframework.beans.factory.support.AbstractAutowireCapableBeanFactory.initializeBean(AbstractAutowireCapableBeanFactory.java:1800) ~[spring-beans-5.3.13.jar:5.3.13]
	... 21 common frames omitted

2021-11-29 14:41:06.167  INFO 16028 --- [restartedMain] c.s.digibooky.DigibookyApplication       : Starting DigibookyApplication using Java 17 on CND6126YND with PID 16028 (C:\_development\digibooky\target\classes started by nsahloum in C:\_development\digibooky)
2021-11-29 14:41:06.170  INFO 16028 --- [restartedMain] c.s.digibooky.DigibookyApplication       : No active profile set, falling back to default profiles: default
2021-11-29 14:41:06.240  INFO 16028 --- [restartedMain] .e.DevToolsPropertyDefaultsPostProcessor : Devtools property defaults active! Set 'spring.devtools.add-properties' to 'false' to disable
2021-11-29 14:41:06.240  INFO 16028 --- [restartedMain] .e.DevToolsPropertyDefaultsPostProcessor : For additional web related logging consider setting the 'logging.level.web' property to 'DEBUG'
2021-11-29 14:41:07.249  INFO 16028 --- [restartedMain] o.s.b.w.embedded.tomcat.TomcatWebServer  : Tomcat initialized with port(s): 8080 (http)
2021-11-29 14:41:07.260  INFO 16028 --- [restartedMain] o.apache.catalina.core.StandardService   : Starting service [Tomcat]
2021-11-29 14:41:07.261  INFO 16028 --- [restartedMain] org.apache.catalina.core.StandardEngine  : Starting Servlet engine: [Apache Tomcat/9.0.55]
2021-11-29 14:41:07.331  INFO 16028 --- [restartedMain] o.a.c.c.C.[Tomcat].[localhost].[/]       : Initializing Spring embedded WebApplicationContext
2021-11-29 14:41:07.332  INFO 16028 --- [restartedMain] w.s.c.ServletWebServerApplicationContext : Root WebApplicationContext: initialization completed in 1091 ms
2021-11-29 14:41:08.016  INFO 16028 --- [restartedMain] o.s.b.d.a.OptionalLiveReloadServer       : LiveReload server is running on port 35729
2021-11-29 14:41:08.077  INFO 16028 --- [restartedMain] o.s.b.w.embedded.tomcat.TomcatWebServer  : Tomcat started on port(s): 8080 (http) with context path ''
2021-11-29 14:41:08.097  INFO 16028 --- [restartedMain] c.s.digibooky.DigibookyApplication       : Started DigibookyApplication in 2.34 seconds (JVM running for 3.175)
2021-11-29 14:41:31.951  INFO 17052 --- [restartedMain] c.s.digibooky.DigibookyApplication       : Starting DigibookyApplication using Java 17 on CND6126YND with PID 17052 (C:\_development\digibooky\target\classes started by nsahloum in C:\_development\digibooky)
2021-11-29 14:41:31.953  INFO 17052 --- [restartedMain] c.s.digibooky.DigibookyApplication       : No active profile set, falling back to default profiles: default
2021-11-29 14:41:32.020  INFO 17052 --- [restartedMain] .e.DevToolsPropertyDefaultsPostProcessor : Devtools property defaults active! Set 'spring.devtools.add-properties' to 'false' to disable
2021-11-29 14:41:32.021  INFO 17052 --- [restartedMain] .e.DevToolsPropertyDefaultsPostProcessor : For additional web related logging consider setting the 'logging.level.web' property to 'DEBUG'
2021-11-29 14:41:33.181  INFO 17052 --- [restartedMain] o.s.b.w.embedded.tomcat.TomcatWebServer  : Tomcat initialized with port(s): 8080 (http)
2021-11-29 14:41:33.192  INFO 17052 --- [restartedMain] o.apache.catalina.core.StandardService   : Starting service [Tomcat]
2021-11-29 14:41:33.193  INFO 17052 --- [restartedMain] org.apache.catalina.core.StandardEngine  : Starting Servlet engine: [Apache Tomcat/9.0.55]
2021-11-29 14:41:33.265  INFO 17052 --- [restartedMain] o.a.c.c.C.[Tomcat].[localhost].[/]       : Initializing Spring embedded WebApplicationContext
2021-11-29 14:41:33.266  INFO 17052 --- [restartedMain] w.s.c.ServletWebServerApplicationContext : Root WebApplicationContext: initialization completed in 1244 ms
2021-11-29 14:41:33.955  INFO 17052 --- [restartedMain] o.s.b.d.a.OptionalLiveReloadServer       : LiveReload server is running on port 35729
2021-11-29 14:41:34.011  INFO 17052 --- [restartedMain] o.s.b.w.embedded.tomcat.TomcatWebServer  : Tomcat started on port(s): 8080 (http) with context path ''
2021-11-29 14:41:34.025  INFO 17052 --- [restartedMain] c.s.digibooky.DigibookyApplication       : Started DigibookyApplication in 2.619 seconds (JVM running for 3.394)
2021-11-29 14:41:52.180  INFO 17052 --- [http-nio-8080-exec-2] o.a.c.c.C.[Tomcat].[localhost].[/]       : Initializing Spring DispatcherServlet 'dispatcherServlet'
2021-11-29 14:41:52.180  INFO 17052 --- [http-nio-8080-exec-2] o.s.web.servlet.DispatcherServlet        : Initializing Servlet 'dispatcherServlet'
2021-11-29 14:41:52.181  INFO 17052 --- [http-nio-8080-exec-2] o.s.web.servlet.DispatcherServlet        : Completed initialization in 1 ms
2021-11-29 14:45:15.484  INFO 16288 --- [restartedMain] c.s.digibooky.DigibookyApplication       : Starting DigibookyApplication using Java 17 on CND6126YND with PID 16288 (C:\_development\digibooky\target\classes started by nsahloum in C:\_development\digibooky)
2021-11-29 14:45:15.486  INFO 16288 --- [restartedMain] c.s.digibooky.DigibookyApplication       : No active profile set, falling back to default profiles: default
2021-11-29 14:45:15.549  INFO 16288 --- [restartedMain] .e.DevToolsPropertyDefaultsPostProcessor : Devtools property defaults active! Set 'spring.devtools.add-properties' to 'false' to disable
2021-11-29 14:45:15.549  INFO 16288 --- [restartedMain] .e.DevToolsPropertyDefaultsPostProcessor : For additional web related logging consider setting the 'logging.level.web' property to 'DEBUG'
2021-11-29 14:45:16.595  INFO 16288 --- [restartedMain] o.s.b.w.embedded.tomcat.TomcatWebServer  : Tomcat initialized with port(s): 8080 (http)
2021-11-29 14:45:16.608  INFO 16288 --- [restartedMain] o.apache.catalina.core.StandardService   : Starting service [Tomcat]
2021-11-29 14:45:16.608  INFO 16288 --- [restartedMain] org.apache.catalina.core.StandardEngine  : Starting Servlet engine: [Apache Tomcat/9.0.55]
2021-11-29 14:45:16.683  INFO 16288 --- [restartedMain] o.a.c.c.C.[Tomcat].[localhost].[/]       : Initializing Spring embedded WebApplicationContext
2021-11-29 14:45:16.684  INFO 16288 --- [restartedMain] w.s.c.ServletWebServerApplicationContext : Root WebApplicationContext: initialization completed in 1134 ms
2021-11-29 14:45:17.459  INFO 16288 --- [restartedMain] o.s.b.d.a.OptionalLiveReloadServer       : LiveReload server is running on port 35729
2021-11-29 14:45:17.522  INFO 16288 --- [restartedMain] o.s.b.w.embedded.tomcat.TomcatWebServer  : Tomcat started on port(s): 8080 (http) with context path ''
2021-11-29 14:45:17.534  INFO 16288 --- [restartedMain] c.s.digibooky.DigibookyApplication       : Started DigibookyApplication in 2.513 seconds (JVM running for 3.323)
2021-11-29 14:45:21.215  INFO 16288 --- [http-nio-8080-exec-2] o.a.c.c.C.[Tomcat].[localhost].[/]       : Initializing Spring DispatcherServlet 'dispatcherServlet'
2021-11-29 14:45:21.216  INFO 16288 --- [http-nio-8080-exec-2] o.s.web.servlet.DispatcherServlet        : Initializing Servlet 'dispatcherServlet'
2021-11-29 14:45:21.217  INFO 16288 --- [http-nio-8080-exec-2] o.s.web.servlet.DispatcherServlet        : Completed initialization in 1 ms
